2025-05-07 09:34:41 - PRE-ORDER: User ID: 2
Email: dangkhoanguyenphuc0409@gmail.com
Fullname: Nguyễn Phúc Đăng Khoa
2025-05-07 09:34:41 - INSERT DATA: Attempting to insert order with user_id: 2
Name: Nguyễn Phúc Đăng Khoa
Total: 850000
2025-05-07 09:34:41 - ORDER CREATED: Created order ID: 11
2025-05-07 09:34:41 - TRANSACTION COMPLETED
2025-05-09 06:24:20 - PRE-ORDER: User ID: 2
Email: dangkhoanguyenphuc0409@gmail.com
Fullname: Nguyễn Phúc Đăng Khoa
2025-05-09 06:24:20 - INSERT DATA: Attempting to insert order with user_id: 2
Name: Nguyễn Phúc Đăng Khoa
Total: 350000
2025-05-09 06:24:20 - ERROR: Unknown column 'created_at' in 'field list'
2025-05-09 06:24:30 - PRE-ORDER: User ID: 2
Email: dangkhoanguyenphuc0409@gmail.com
Fullname: Nguyễn Phúc Đăng Khoa
2025-05-09 06:24:30 - INSERT DATA: Attempting to insert order with user_id: 2
Name: Nguyễn Phúc Đăng Khoa
Total: 350000
2025-05-09 06:24:30 - ERROR: Unknown column 'created_at' in 'field list'
2025-05-09 06:25:47 - PRE-ORDER: User ID: 2
Email: dangkhoanguyenphuc0409@gmail.com
Fullname: Nguyễn Phúc Đăng Khoa
2025-05-09 06:25:47 - INSERT DATA: Attempting to insert order with user_id: 2
Name: Nguyễn Phúc Đăng Khoa
Total: 350000
2025-05-09 06:26:19 - PRE-ORDER: User ID: 2
Email: dangkhoanguyenphuc0409@gmail.com
Fullname: Nguyễn Phúc Đăng Khoa
2025-05-09 06:26:19 - INSERT DATA: Attempting to insert order with user_id: 2
Name: Nguyễn Phúc Đăng Khoa
Total: 350000
2025-05-09 06:26:19 - ORDER CREATED: Created order ID: 12
2025-05-09 06:26:19 - TRANSACTION COMPLETED
2025-05-09 06:26:19 - VERIFICATION: Verified order exists - ID: 12 | User ID: 2 | Total: 350000.00
2025-05-11 13:30:28 - PRE-ORDER: User ID: 3
Email: ahehehihihahahuhu123@gmail.com
Fullname: le hieu
2025-05-11 13:30:28 - INSERT DATA: Attempting to insert order with user_id: 3
Name: le hieu
Total: 700000
2025-05-11 13:30:28 - ORDER CREATED: Created order ID: 13
2025-05-11 13:30:28 - TRANSACTION COMPLETED
2025-05-11 13:30:28 - VERIFICATION: Verified order exists - ID: 13 | User ID: 3 | Total: 700000.00
2025-05-12 04:53:39 - PRE-ORDER: User ID: 3
Email: ahehehihihahahuhu123@gmail.com
Fullname: le hieu
2025-05-12 04:53:39 - INSERT DATA: Attempting to insert order with user_id: 3
Name: le hieu
Total: 1050000
2025-05-12 04:53:39 - ORDER CREATED: Created order ID: 13
2025-05-12 04:53:39 - TRANSACTION COMPLETED
2025-05-12 04:53:39 - VERIFICATION: Verified order exists - ID: 13 | User ID: 3 | Total: 1050000.00
2025-05-12 09:11:09 - PRE-ORDER: User ID: 3
Email: ahehehihihahahuhu123@gmail.com
Fullname: le hieu
2025-05-12 09:11:09 - INSERT DATA: Attempting to insert order with user_id: 3
Name: le hieu
Total: 1050000
2025-05-12 09:11:09 - ORDER CREATED: Created order ID: 13
2025-05-12 09:11:09 - TRANSACTION COMPLETED
2025-05-12 09:11:09 - VERIFICATION: Verified order exists - ID: 13 | User ID: 3 | Total: 1050000.00
2025-05-12 09:35:43 - PRE-ORDER: User ID: 2
Email: dangkhoanguyenphuc0409@gmail.com
Fullname: Nguyễn Phúc Đăng Khoa
2025-05-12 09:35:43 - INSERT DATA: Attempting to insert order with user_id: 2
Name: Nguyễn Phúc Đăng Khoa
Total: 600000
2025-05-12 09:35:43 - ORDER CREATED: Created order ID: 13
2025-05-12 09:35:43 - TRANSACTION COMPLETED
2025-05-12 09:35:43 - VERIFICATION: Verified order exists - ID: 13 | User ID: 2 | Total: 600000.00
2025-05-12 16:24:55 - PRE-ORDER: User ID: 3
Email: ahehehihihahahuhu123@gmail.com
Fullname: le hieu
2025-05-12 16:24:55 - INSERT DATA: Attempting to insert order with user_id: 3
Name: le hieu
Total: 2450000
2025-05-12 16:24:55 - ORDER CREATED: Created order ID: 14
2025-05-12 16:24:55 - TRANSACTION COMPLETED
2025-05-12 16:24:55 - VERIFICATION: Verified order exists - ID: 14 | User ID: 3 | Total: 2450000.00
2025-05-12 16:25:43 - PRE-ORDER: User ID: 3
Email: ahehehihihahahuhu123@gmail.com
Fullname: le hieu
2025-05-12 16:25:43 - INSERT DATA: Attempting to insert order with user_id: 3
Name: le hieu
Total: 1000000
2025-05-12 16:25:43 - ORDER CREATED: Created order ID: 15
2025-05-12 16:25:43 - TRANSACTION COMPLETED
2025-05-12 16:25:43 - VERIFICATION: Verified order exists - ID: 15 | User ID: 3 | Total: 1000000.00
2025-05-12 20:32:23 - PRE-ORDER: User ID: 3
Email: ahehehihihahahuhu123@gmail.com
Fullname: le hieu
2025-05-12 20:32:23 - INSERT DATA: Attempting to insert order with user_id: 3
Name: le hieu
Total: 1700000
2025-05-12 20:32:23 - ORDER CREATED: Created order ID: 14
2025-05-12 20:32:23 - TRANSACTION COMPLETED
2025-05-12 20:32:23 - VERIFICATION: Verified order exists - ID: 14 | User ID: 3 | Total: 1700000.00
2025-05-12 20:33:14 - PRE-ORDER: User ID: 3
Email: ahehehihihahahuhu123@gmail.com
Fullname: le hieu
2025-05-12 20:33:14 - INSERT DATA: Attempting to insert order with user_id: 3
Name: le hieu
Total: 3100000
2025-05-12 20:33:14 - ORDER CREATED: Created order ID: 15
2025-05-12 20:33:14 - TRANSACTION COMPLETED
2025-05-12 20:33:14 - VERIFICATION: Verified order exists - ID: 15 | User ID: 3 | Total: 3100000.00
2025-05-12 23:07:15 - PRE-ORDER: User ID: 3
Email: ahehehihihahahuhu123@gmail.com
Fullname: le hieu
2025-05-12 23:07:15 - INSERT DATA: Attempting to insert order with user_id: 3
Name: le hieu
Total: 3100000
2025-05-12 23:07:15 - ORDER CREATED: Created order ID: 14
2025-05-12 23:07:15 - TRANSACTION COMPLETED
2025-05-12 23:07:15 - VERIFICATION: Verified order exists - ID: 14 | User ID: 3 | Total: 3100000.00
2025-05-13 00:13:37 - PRE-ORDER: User ID: 5
Email: dangngocdai0811@gmail.com
Fullname: Dai Dang
2025-05-13 00:13:37 - INSERT DATA: Attempting to insert order with user_id: 5
Name: Dai Dang
Total: 1000000
2025-05-13 00:13:37 - ORDER CREATED: Created order ID: 15
2025-05-13 00:13:37 - TRANSACTION COMPLETED
2025-05-13 00:13:37 - VERIFICATION: Verified order exists - ID: 15 | User ID: 5 | Total: 1000000.00
2025-05-13 00:44:10 - PRE-ORDER: User ID: 5
Email: dangngocdai0811@gmail.com
Fullname: Dai Dang
2025-05-13 00:44:10 - INSERT DATA: Attempting to insert order with user_id: 5
Name: Dai Dang
Total: 1800000
2025-05-13 00:44:10 - ORDER CREATED: Created order ID: 16
2025-05-13 00:44:10 - TRANSACTION COMPLETED
2025-05-13 00:44:10 - VERIFICATION: Verified order exists - ID: 16 | User ID: 5 | Total: 1800000.00
2025-05-13 00:53:58 - PRE-ORDER: User ID: 5
Email: dangngocdai0811@gmail.com
Fullname: Dai Dang
2025-05-13 00:53:58 - INSERT DATA: Attempting to insert order with user_id: 5
Name: Dai Dang
Total: 2000000
2025-05-13 00:53:58 - ORDER CREATED: Created order ID: 17
2025-05-13 00:53:58 - TRANSACTION COMPLETED
2025-05-13 00:53:58 - VERIFICATION: Verified order exists - ID: 17 | User ID: 5 | Total: 2000000.00
2025-05-13 00:58:21 - PRE-ORDER: User ID: 5
Email: dangngocdai0811@gmail.com
Fullname: Dai Dang
2025-05-13 00:58:21 - INSERT DATA: Attempting to insert order with user_id: 5
Name: Dai Dang
Total: 1000000
2025-05-13 00:58:21 - ORDER CREATED: Created order ID: 15
2025-05-13 00:58:21 - TRANSACTION COMPLETED
2025-05-13 00:58:21 - VERIFICATION: Verified order exists - ID: 15 | User ID: 5 | Total: 1000000.00
2025-05-13 03:09:47 - PRE-ORDER: User ID: 5
Email: dangngocdai0811@gmail.com
Fullname: Dai Dang
2025-05-13 03:09:47 - INSERT DATA: Attempting to insert order with user_id: 5
Name: Dai Dang
Total: 1000000
2025-05-13 03:09:47 - ORDER CREATED: Created order ID: 15
2025-05-13 03:09:47 - TRANSACTION COMPLETED
2025-05-13 03:09:47 - VERIFICATION: Verified order exists - ID: 15 | User ID: 5 | Total: 1000000.00
2025-05-13 03:13:23 - PRE-ORDER: User ID: 5
Email: dangngocdai0811@gmail.com
Fullname: đài
2025-05-13 03:13:23 - INSERT DATA: Attempting to insert order with user_id: 5
Name: Dai Dang
Total: 800000
2025-05-13 03:13:23 - ORDER CREATED: Created order ID: 16
2025-05-13 03:13:23 - TRANSACTION COMPLETED
2025-05-13 03:13:23 - VERIFICATION: Verified order exists - ID: 16 | User ID: 5 | Total: 800000.00
2025-05-13 03:29:23 - PRE-ORDER: User ID: 5
Email: dangngocdai0811@gmail.com
Fullname: đài
2025-05-13 03:29:23 - INSERT DATA: Attempting to insert order with user_id: 5
Name: đài
Total: 800000
2025-05-13 03:29:23 - ORDER CREATED: Created order ID: 17
2025-05-13 03:29:23 - TRANSACTION COMPLETED
2025-05-13 03:29:23 - VERIFICATION: Verified order exists - ID: 17 | User ID: 5 | Total: 800000.00
2025-05-13 03:55:14 - PRE-ORDER: User ID: 5
Email: dangngocdai08112005@gmail.com
Fullname: Đài
2025-05-13 03:55:14 - INSERT DATA: Attempting to insert order with user_id: 5
Name: Đài
Total: 800000
2025-05-13 03:55:14 - ORDER CREATED: Created order ID: 15
2025-05-13 03:55:14 - TRANSACTION COMPLETED
2025-05-13 03:55:14 - VERIFICATION: Verified order exists - ID: 15 | User ID: 5 | Total: 800000.00
2025-05-13 04:36:37 - PRE-ORDER: User ID: 5
Email: dangngocdai08112005@gmail.com
Fullname: Đài
2025-05-13 04:36:37 - INSERT DATA: Attempting to insert order with user_id: 5
Name: Đài
Total: 1400000
2025-05-13 04:36:37 - ORDER CREATED: Created order ID: 16
2025-05-13 04:36:37 - TRANSACTION COMPLETED
2025-05-13 04:36:37 - VERIFICATION: Verified order exists - ID: 16 | User ID: 5 | Total: 1400000.00
2025-05-13 04:38:27 - PRE-ORDER: User ID: 5
Email: dangngocdai08112005@gmail.com
Fullname: Ngọc Đài
2025-05-13 04:38:27 - INSERT DATA: Attempting to insert order with user_id: 5
Name: Ngọc Đài
Total: 1900000
2025-05-13 04:38:27 - ORDER CREATED: Created order ID: 17
2025-05-13 04:38:28 - TRANSACTION COMPLETED
2025-05-13 04:38:28 - VERIFICATION: Verified order exists - ID: 17 | User ID: 5 | Total: 1900000.00
2025-05-13 04:44:30 - PRE-ORDER: User ID: 6
Email: dai123@gmail.com
Fullname: long ngguyễn
2025-05-13 04:44:30 - INSERT DATA: Attempting to insert order with user_id: 6
Name: long ngguyễn
Total: 1900000
2025-05-13 04:44:30 - ORDER CREATED: Created order ID: 18
2025-05-13 04:44:30 - TRANSACTION COMPLETED
2025-05-13 04:44:30 - VERIFICATION: Verified order exists - ID: 18 | User ID: 6 | Total: 1900000.00
2025-05-13 06:04:33 - PRE-ORDER: User ID: 5
Email: dangngocdai08112005@gmail.com
Fullname: Ngọc Đài
2025-05-13 06:04:33 - INSERT DATA: Attempting to insert order with user_id: 5
Name: Ngọc Đài
Total: 5250000
2025-05-13 06:04:33 - ORDER CREATED: Created order ID: 19
2025-05-13 06:04:33 - TRANSACTION COMPLETED
2025-05-13 06:04:33 - VERIFICATION: Verified order exists - ID: 19 | User ID: 5 | Total: 5250000.00
2025-05-13 06:09:17 - PRE-ORDER: User ID: 5
Email: dangngocdai08112005@gmail.com
Fullname: Ngọc Đài
2025-05-13 06:09:17 - INSERT DATA: Attempting to insert order with user_id: 5
Name: Ngọc Đài
Total: 6650000
2025-05-13 06:09:17 - ORDER CREATED: Created order ID: 20
2025-05-13 06:09:17 - TRANSACTION COMPLETED
2025-05-13 06:09:17 - VERIFICATION: Verified order exists - ID: 20 | User ID: 5 | Total: 6650000.00
2025-05-13 06:10:35 - PRE-ORDER: User ID: 5
Email: dangngocdai08112005@gmail.com
Fullname: Ngọc Đài
2025-05-13 06:10:35 - INSERT DATA: Attempting to insert order with user_id: 5
Name: Ngọc Đài
Total: 7700000
2025-05-13 06:10:35 - ORDER CREATED: Created order ID: 21
2025-05-13 06:10:35 - TRANSACTION COMPLETED
2025-05-13 06:10:35 - VERIFICATION: Verified order exists - ID: 21 | User ID: 5 | Total: 7700000.00
2025-05-13 06:23:22 - PRE-ORDER: User ID: 5
Email: dangngocdai08112005@gmail.com
Fullname: Ngọc Đài
2025-05-13 06:23:22 - INSERT DATA: Attempting to insert order with user_id: 5
Name: Ngọc Đài
Total: 2150000
2025-05-13 06:23:22 - ERROR: Unknown column 'custom_order_id' in 'field list'
2025-05-13 06:29:38 - PRE-ORDER: User ID: 5
Email: dangngocdai08112005@gmail.com
Fullname: Ngọc Đài
2025-05-13 06:29:38 - INSERT DATA: Attempting to insert order with user_id: 5
Name: Ngọc Đài
Total: 2150000
2025-05-13 06:29:38 - ORDER CREATED: Created order ID: 22 (Custom ID: ORDER20250513062938)
2025-05-13 06:29:38 - TRANSACTION COMPLETED
2025-05-13 06:29:38 - VERIFICATION: Verified order exists - ID: 22 | User ID: 5 | Total: 2150000.00
2025-05-13 06:30:39 - PRE-ORDER: User ID: 5
Email: dangngocdai08112005@gmail.com
Fullname: Ngọc Đài
2025-05-13 06:30:39 - INSERT DATA: Attempting to insert order with user_id: 5
Name: Ngọc Đài
Total: 1400000
2025-05-13 06:30:39 - ORDER CREATED: Created order ID: 23 (Custom ID: ORDER20250513063039)
2025-05-13 06:30:39 - TRANSACTION COMPLETED
2025-05-13 06:30:39 - VERIFICATION: Verified order exists - ID: 23 | User ID: 5 | Total: 1400000.00
2025-05-13 06:48:40 - PRE-ORDER: User ID: 5
Email: dangngocdai08112005@gmail.com
Fullname: Ngọc Đài
2025-05-13 06:48:40 - INSERT DATA: Attempting to insert order with user_id: 5
Name: Ngọc Đài
Total: 500000
2025-05-13 06:48:40 - ORDER CREATED: Created order ID: 24 (Custom ID: ORDER20250513064840)
2025-05-13 06:48:40 - TRANSACTION COMPLETED
2025-05-13 06:48:40 - VERIFICATION: Verified order exists - ID: 24 | User ID: 5 | Total: 500000.00
2025-05-13 06:52:55 - PRE-ORDER: User ID: 5
Email: dangngocdai08112005@gmail.com
Fullname: Ngọc Đài
2025-05-13 06:52:55 - INSERT DATA: Attempting to insert order with user_id: 5
Name: Ngọc Đài
Total: 650000
2025-05-13 06:52:55 - ORDER CREATED: Created order ID: 25 (Custom ID: DH250513670467)
2025-05-13 06:52:55 - TRANSACTION COMPLETED
2025-05-13 06:52:55 - VERIFICATION: Verified order exists - ID: 25 | User ID: 5 | Total: 650000.00
2025-05-13 06:54:53 - PRE-ORDER: User ID: 5
Email: dangngocdai08112005@gmail.com
Fullname: Ngọc Đài
2025-05-13 06:54:53 - INSERT DATA: Attempting to insert order with user_id: 5
Name: Ngọc Đài
Total: 150000
2025-05-13 06:54:53 - ORDER CREATED: Created order ID: 26 (Custom ID: ORDER20250513065453)
2025-05-13 06:54:53 - TRANSACTION COMPLETED
2025-05-13 06:54:53 - VERIFICATION: Verified order exists - ID: 26 | User ID: 5 | Total: 150000.00
2025-05-13 06:55:15 - PRE-ORDER: User ID: 5
Email: dangngocdai08112005@gmail.com
Fullname: Ngọc Đài
2025-05-13 06:55:15 - INSERT DATA: Attempting to insert order with user_id: 5
Name: Ngọc Đài
Total: 150000
2025-05-13 06:55:15 - ORDER CREATED: Created order ID: 27 (Custom ID: ORDER20250513065515)
2025-05-13 06:55:15 - TRANSACTION COMPLETED
2025-05-13 06:55:15 - VERIFICATION: Verified order exists - ID: 27 | User ID: 5 | Total: 150000.00
2025-05-13 06:58:48 - PRE-ORDER: User ID: 5
Email: dangngocdai08112005@gmail.com
Fullname: Ngọc Đài
2025-05-13 06:58:48 - INSERT DATA: Attempting to insert order with user_id: 5
Name: Ngọc Đài
Total: 200000
2025-05-13 06:58:48 - ORDER CREATED: Created order ID: 28 (Custom ID: ORDER20250513065848)
2025-05-13 06:58:48 - TRANSACTION COMPLETED
2025-05-13 06:58:48 - VERIFICATION: Verified order exists - ID: 28 | User ID: 5 | Total: 200000.00
2025-05-13 07:00:59 - PRE-ORDER: User ID: 6
Email: dai123@gmail.com
Fullname: long ngguyễn
2025-05-13 07:00:59 - INSERT DATA: Attempting to insert order with user_id: 6
Name: long ngguyễn
Total: 350000
2025-05-13 07:00:59 - ORDER CREATED: Created order ID: 29 (Custom ID: ORDER20250513070059)
2025-05-13 07:00:59 - TRANSACTION COMPLETED
2025-05-13 07:00:59 - VERIFICATION: Verified order exists - ID: 29 | User ID: 6 | Total: 350000.00
2025-05-13 07:03:20 - PRE-ORDER: User ID: 6
Email: dai123@gmail.com
Fullname: long ngguyễn
2025-05-13 07:03:20 - INSERT DATA: Attempting to insert order with user_id: 6
Name: long ngguyễn
Total: 150000
2025-05-13 07:03:20 - ORDER CREATED: Created order ID: 30 (Custom ID: ORDER20250513070320)
2025-05-13 07:03:20 - TRANSACTION COMPLETED
2025-05-13 07:03:20 - VERIFICATION: Verified order exists - ID: 30 | User ID: 6 | Total: 150000.00
2025-05-13 07:11:21 - PRE-ORDER: User ID: 7
Email: hh@gmail.com
Fullname: Hà
2025-05-13 07:11:21 - INSERT DATA: Attempting to insert order with user_id: 7
Name: Hà
Total: 1600000
2025-05-13 07:11:21 - ORDER CREATED: Created order ID: 31 (Custom ID: ORDER20250513071121)
2025-05-13 07:11:21 - TRANSACTION COMPLETED
2025-05-13 07:11:21 - VERIFICATION: Verified order exists - ID: 31 | User ID: 7 | Total: 1600000.00
2025-05-13 07:11:44 - PRE-ORDER: User ID: 7
Email: hh@gmail.com
Fullname: Hà
2025-05-13 07:11:44 - INSERT DATA: Attempting to insert order with user_id: 7
Name: Hà
Total: 300000
2025-05-13 07:11:44 - ORDER CREATED: Created order ID: 32 (Custom ID: ORDER20250513071144)
2025-05-13 07:11:44 - TRANSACTION COMPLETED
2025-05-13 07:11:44 - VERIFICATION: Verified order exists - ID: 32 | User ID: 7 | Total: 300000.00
2025-05-13 07:14:46 - PRE-ORDER: User ID: 7
Email: hh@gmail.com
Fullname: Hà
2025-05-13 07:14:46 - INSERT DATA: Attempting to insert order with user_id: 7
Name: Hà
Total: 1600000
2025-05-13 07:14:46 - ORDER CREATED: Created order ID: 33 (Custom ID: ORDER20250513071446)
2025-05-13 07:14:46 - TRANSACTION COMPLETED
2025-05-13 07:14:46 - VERIFICATION: Verified order exists - ID: 33 | User ID: 7 | Total: 1600000.00
2025-11-12 17:30:48 - PRE-ORDER: User ID: 5
Email: phamhoangquan11105@gmail.com
Fullname: pp
2025-11-12 17:30:48 - INSERT DATA: Attempting to insert order with user_id: 5
Name: pp
Total: 600000
2025-11-12 17:30:48 - ORDER CREATED: Created order ID: 15 (Custom ID: ORDER20251112173048)
2025-11-12 17:30:48 - TRANSACTION COMPLETED
2025-11-12 17:30:48 - VERIFICATION: Verified order exists - ID: 15 | User ID: 5 | Total: 600000.00
2025-11-14 07:10:27 - PRE-ORDER: User ID: 5
Email: dangkhoanguyenphuc0409000@gmail.com
Fullname: Nguyễn Phúc Đăng Khoa
2025-11-14 07:10:27 - INSERT DATA: Attempting to insert order with user_id: 5
Name: Nguyễn Phúc Đăng Khoa
Total: 500000
2025-11-14 07:10:27 - ORDER CREATED: Created order ID: 15 (Custom ID: ORDER20251114071027)
2025-11-14 07:10:27 - TRANSACTION COMPLETED
2025-11-14 07:10:27 - VERIFICATION: Verified order exists - ID: 15 | User ID: 5 | Total: 500000.00
